  Digital Academix.cpp
C:\Users\Vicho Vichev\OneDrive - ПГКПИ - Бургас\Documents\ПГКПИ\projects\school-project-assignment-digital-academix\Digital Academix\Digital Academix\Digital Academix.cpp(40,59): warning C4838: conversion from 'int' to 'float' requires a narrowing conversion
C:\Users\Vicho Vichev\OneDrive - ПГКПИ - Бургас\Documents\ПГКПИ\projects\school-project-assignment-digital-academix\Digital Academix\Digital Academix\Digital Academix.cpp(40,59): warning C4244: 'initializing': conversion from 'int' to 'float', possible loss of data
C:\Users\Vicho Vichev\OneDrive - ПГКПИ - Бургас\Documents\ПГКПИ\projects\school-project-assignment-digital-academix\Digital Academix\Digital Academix\Digital Academix.cpp(41,58): warning C4838: conversion from 'int' to 'float' requires a narrowing conversion
C:\Users\Vicho Vichev\OneDrive - ПГКПИ - Бургас\Documents\ПГКПИ\projects\school-project-assignment-digital-academix\Digital Academix\Digital Academix\Digital Academix.cpp(41,58): warning C4244: 'initializing': conversion from 'int' to 'float', possible loss of data
C:\Users\Vicho Vichev\OneDrive - ПГКПИ - Бургас\Documents\ПГКПИ\projects\school-project-assignment-digital-academix\Digital Academix\Digital Academix\Digital Academix.cpp(42,52): warning C4838: conversion from 'int' to 'float' requires a narrowing conversion
C:\Users\Vicho Vichev\OneDrive - ПГКПИ - Бургас\Documents\ПГКПИ\projects\school-project-assignment-digital-academix\Digital Academix\Digital Academix\Digital Academix.cpp(42,52): warning C4244: 'initializing': conversion from 'int' to 'float', possible loss of data
C:\Users\Vicho Vichev\OneDrive - ПГКПИ - Бургас\Documents\ПГКПИ\projects\school-project-assignment-digital-academix\Digital Academix\Digital Academix\Digital Academix.cpp(43,58): warning C4838: conversion from 'int' to 'float' requires a narrowing conversion
C:\Users\Vicho Vichev\OneDrive - ПГКПИ - Бургас\Documents\ПГКПИ\projects\school-project-assignment-digital-academix\Digital Academix\Digital Academix\Digital Academix.cpp(43,58): warning C4244: 'initializing': conversion from 'int' to 'float', possible loss of data
C:\Users\Vicho Vichev\OneDrive - ПГКПИ - Бургас\Documents\ПГКПИ\projects\school-project-assignment-digital-academix\Digital Academix\Digital Academix\Digital Academix.cpp(44,65): warning C4838: conversion from 'int' to 'float' requires a narrowing conversion
C:\Users\Vicho Vichev\OneDrive - ПГКПИ - Бургас\Documents\ПГКПИ\projects\school-project-assignment-digital-academix\Digital Academix\Digital Academix\Digital Academix.cpp(44,65): warning C4244: 'initializing': conversion from 'int' to 'float', possible loss of data
C:\Users\Vicho Vichev\OneDrive - ПГКПИ - Бургас\Documents\ПГКПИ\projects\school-project-assignment-digital-academix\Digital Academix\Digital Academix\Digital Academix.cpp(45,48): warning C4838: conversion from 'int' to 'float' requires a narrowing conversion
C:\Users\Vicho Vichev\OneDrive - ПГКПИ - Бургас\Documents\ПГКПИ\projects\school-project-assignment-digital-academix\Digital Academix\Digital Academix\Digital Academix.cpp(45,48): warning C4244: 'initializing': conversion from 'int' to 'float', possible loss of data
C:\Users\Vicho Vichev\OneDrive - ПГКПИ - Бургас\Documents\ПГКПИ\projects\school-project-assignment-digital-academix\Digital Academix\Digital Academix\Digital Academix.cpp(59,36): warning C4838: conversion from 'int' to 'float' requires a narrowing conversion
C:\Users\Vicho Vichev\OneDrive - ПГКПИ - Бургас\Documents\ПГКПИ\projects\school-project-assignment-digital-academix\Digital Academix\Digital Academix\Digital Academix.cpp(59,36): warning C4244: 'initializing': conversion from 'int' to 'float', possible loss of data
C:\Users\Vicho Vichev\OneDrive - ПГКПИ - Бургас\Documents\ПГКПИ\projects\school-project-assignment-digital-academix\Digital Academix\Digital Academix\Digital Academix.cpp(59,65): warning C4838: conversion from 'int' to 'float' requires a narrowing conversion
C:\Users\Vicho Vichev\OneDrive - ПГКПИ - Бургас\Documents\ПГКПИ\projects\school-project-assignment-digital-academix\Digital Academix\Digital Academix\Digital Academix.cpp(59,65): warning C4244: 'initializing': conversion from 'int' to 'float', possible loss of data
C:\Users\Vicho Vichev\OneDrive - ПГКПИ - Бургас\Documents\ПГКПИ\projects\school-project-assignment-digital-academix\Digital Academix\Digital Academix\Digital Academix.cpp(60,36): warning C4838: conversion from 'int' to 'float' requires a narrowing conversion
C:\Users\Vicho Vichev\OneDrive - ПГКПИ - Бургас\Documents\ПГКПИ\projects\school-project-assignment-digital-academix\Digital Academix\Digital Academix\Digital Academix.cpp(60,36): warning C4244: 'initializing': conversion from 'int' to 'float', possible loss of data
C:\Users\Vicho Vichev\OneDrive - ПГКПИ - Бургас\Documents\ПГКПИ\projects\school-project-assignment-digital-academix\Digital Academix\Digital Academix\Digital Academix.cpp(60,65): warning C4838: conversion from 'int' to 'float' requires a narrowing conversion
C:\Users\Vicho Vichev\OneDrive - ПГКПИ - Бургас\Documents\ПГКПИ\projects\school-project-assignment-digital-academix\Digital Academix\Digital Academix\Digital Academix.cpp(60,65): warning C4244: 'initializing': conversion from 'int' to 'float', possible loss of data
C:\Users\Vicho Vichev\OneDrive - ПГКПИ - Бургас\Documents\ПГКПИ\projects\school-project-assignment-digital-academix\Digital Academix\Digital Academix\Digital Academix.cpp(61,28): warning C4838: conversion from 'int' to 'float' requires a narrowing conversion
C:\Users\Vicho Vichev\OneDrive - ПГКПИ - Бургас\Documents\ПГКПИ\projects\school-project-assignment-digital-academix\Digital Academix\Digital Academix\Digital Academix.cpp(61,28): warning C4244: 'initializing': conversion from 'int' to 'float', possible loss of data
C:\Users\Vicho Vichev\OneDrive - ПГКПИ - Бургас\Documents\ПГКПИ\projects\school-project-assignment-digital-academix\Digital Academix\Digital Academix\Digital Academix.cpp(61,57): warning C4838: conversion from 'int' to 'float' requires a narrowing conversion
C:\Users\Vicho Vichev\OneDrive - ПГКПИ - Бургас\Documents\ПГКПИ\projects\school-project-assignment-digital-academix\Digital Academix\Digital Academix\Digital Academix.cpp(61,57): warning C4244: 'initializing': conversion from 'int' to 'float', possible loss of data
C:\Users\Vicho Vichev\OneDrive - ПГКПИ - Бургас\Documents\ПГКПИ\projects\school-project-assignment-digital-academix\Digital Academix\Digital Academix\Digital Academix.cpp(62,28): warning C4838: conversion from 'int' to 'float' requires a narrowing conversion
C:\Users\Vicho Vichev\OneDrive - ПГКПИ - Бургас\Documents\ПГКПИ\projects\school-project-assignment-digital-academix\Digital Academix\Digital Academix\Digital Academix.cpp(62,28): warning C4244: 'initializing': conversion from 'int' to 'float', possible loss of data
C:\Users\Vicho Vichev\OneDrive - ПГКПИ - Бургас\Documents\ПГКПИ\projects\school-project-assignment-digital-academix\Digital Academix\Digital Academix\Digital Academix.cpp(62,57): warning C4838: conversion from 'int' to 'float' requires a narrowing conversion
C:\Users\Vicho Vichev\OneDrive - ПГКПИ - Бургас\Documents\ПГКПИ\projects\school-project-assignment-digital-academix\Digital Academix\Digital Academix\Digital Academix.cpp(62,57): warning C4244: 'initializing': conversion from 'int' to 'float', possible loss of data
C:\Users\Vicho Vichev\OneDrive - ПГКПИ - Бургас\Documents\ПГКПИ\projects\school-project-assignment-digital-academix\Digital Academix\Digital Academix\Digital Academix.cpp(67,36): warning C4244: 'initializing': conversion from 'int' to 'float', possible loss of data
C:\Users\Vicho Vichev\OneDrive - ПГКПИ - Бургас\Documents\ПГКПИ\projects\school-project-assignment-digital-academix\Digital Academix\Digital Academix\Digital Academix.cpp(68,36): warning C4244: 'initializing': conversion from 'int' to 'float', possible loss of data
C:\Users\Vicho Vichev\OneDrive - ПГКПИ - Бургас\Documents\ПГКПИ\projects\school-project-assignment-digital-academix\Digital Academix\Digital Academix\Digital Academix.cpp(69,36): warning C4244: 'initializing': conversion from 'int' to 'float', possible loss of data
C:\Users\Vicho Vichev\OneDrive - ПГКПИ - Бургас\Documents\ПГКПИ\projects\school-project-assignment-digital-academix\Digital Academix\Digital Academix\Digital Academix.cpp(70,36): warning C4244: 'initializing': conversion from 'int' to 'float', possible loss of data
C:\Users\Vicho Vichev\OneDrive - ПГКПИ - Бургас\Documents\ПГКПИ\projects\school-project-assignment-digital-academix\Digital Academix\Digital Academix\Digital Academix.cpp(71,36): warning C4244: 'initializing': conversion from 'int' to 'float', possible loss of data
C:\Users\Vicho Vichev\OneDrive - ПГКПИ - Бургас\Documents\ПГКПИ\projects\school-project-assignment-digital-academix\Digital Academix\Digital Academix\Digital Academix.cpp(72,28): warning C4244: 'initializing': conversion from 'int' to 'float', possible loss of data
C:\Users\Vicho Vichev\OneDrive - ПГКПИ - Бургас\Documents\ПГКПИ\projects\school-project-assignment-digital-academix\Digital Academix\Digital Academix\Digital Academix.cpp(67,36): warning C4838: conversion from 'int' to 'float' requires a narrowing conversion
C:\Users\Vicho Vichev\OneDrive - ПГКПИ - Бургас\Documents\ПГКПИ\projects\school-project-assignment-digital-academix\Digital Academix\Digital Academix\Digital Academix.cpp(68,36): warning C4838: conversion from 'int' to 'float' requires a narrowing conversion
C:\Users\Vicho Vichev\OneDrive - ПГКПИ - Бургас\Documents\ПГКПИ\projects\school-project-assignment-digital-academix\Digital Academix\Digital Academix\Digital Academix.cpp(69,36): warning C4838: conversion from 'int' to 'float' requires a narrowing conversion
C:\Users\Vicho Vichev\OneDrive - ПГКПИ - Бургас\Documents\ПГКПИ\projects\school-project-assignment-digital-academix\Digital Academix\Digital Academix\Digital Academix.cpp(70,36): warning C4838: conversion from 'int' to 'float' requires a narrowing conversion
C:\Users\Vicho Vichev\OneDrive - ПГКПИ - Бургас\Documents\ПГКПИ\projects\school-project-assignment-digital-academix\Digital Academix\Digital Academix\Digital Academix.cpp(71,36): warning C4838: conversion from 'int' to 'float' requires a narrowing conversion
C:\Users\Vicho Vichev\OneDrive - ПГКПИ - Бургас\Documents\ПГКПИ\projects\school-project-assignment-digital-academix\Digital Academix\Digital Academix\Digital Academix.cpp(72,28): warning C4838: conversion from 'int' to 'float' requires a narrowing conversion
C:\Users\Vicho Vichev\OneDrive - ПГКПИ - Бургас\Documents\ПГКПИ\projects\school-project-assignment-digital-academix\Digital Academix\Digital Academix\Digital Academix.cpp(115,18): warning C4834: discarding return value of function with 'nodiscard' attribute
C:\Users\Vicho Vichev\OneDrive - ПГКПИ - Бургас\Documents\ПГКПИ\projects\school-project-assignment-digital-academix\Digital Academix\Digital Academix\Digital Academix.cpp(286,92): warning C4244: 'argument': conversion from 'float' to 'int', possible loss of data
C:\Users\Vicho Vichev\OneDrive - ПГКПИ - Бургас\Documents\ПГКПИ\projects\school-project-assignment-digital-academix\Digital Academix\Digital Academix\Digital Academix.cpp(286,72): warning C4244: 'argument': conversion from 'float' to 'int', possible loss of data
C:\Users\Vicho Vichev\OneDrive - ПГКПИ - Бургас\Documents\ПГКПИ\projects\school-project-assignment-digital-academix\Digital Academix\Digital Academix\Digital Academix.cpp(286,56): warning C4244: 'argument': conversion from 'float' to 'int', possible loss of data
C:\Users\Vicho Vichev\OneDrive - ПГКПИ - Бургас\Documents\ПГКПИ\projects\school-project-assignment-digital-academix\Digital Academix\Digital Academix\Digital Academix.cpp(286,40): warning C4244: 'argument': conversion from 'float' to 'int', possible loss of data
C:\Users\Vicho Vichev\OneDrive - ПГКПИ - Бургас\Documents\ПГКПИ\projects\school-project-assignment-digital-academix\Digital Academix\Digital Academix\Digital Academix.cpp(290,79): warning C4244: 'argument': conversion from 'float' to 'int', possible loss of data
C:\Users\Vicho Vichev\OneDrive - ПГКПИ - Бургас\Documents\ПГКПИ\projects\school-project-assignment-digital-academix\Digital Academix\Digital Academix\Digital Academix.cpp(290,58): warning C4244: 'argument': conversion from 'float' to 'int', possible loss of data
C:\Users\Vicho Vichev\OneDrive - ПГКПИ - Бургас\Documents\ПГКПИ\projects\school-project-assignment-digital-academix\Digital Academix\Digital Academix\Digital Academix.cpp(298,84): warning C4244: 'argument': conversion from 'float' to 'int', possible loss of data
C:\Users\Vicho Vichev\OneDrive - ПГКПИ - Бургас\Documents\ПГКПИ\projects\school-project-assignment-digital-academix\Digital Academix\Digital Academix\Digital Academix.cpp(298,68): warning C4244: 'argument': conversion from 'float' to 'int', possible loss of data
C:\Users\Vicho Vichev\OneDrive - ПГКПИ - Бургас\Documents\ПГКПИ\projects\school-project-assignment-digital-academix\Digital Academix\Digital Academix\Digital Academix.cpp(298,56): warning C4244: 'argument': conversion from 'float' to 'int', possible loss of data
C:\Users\Vicho Vichev\OneDrive - ПГКПИ - Бургас\Documents\ПГКПИ\projects\school-project-assignment-digital-academix\Digital Academix\Digital Academix\Digital Academix.cpp(298,44): warning C4244: 'argument': conversion from 'float' to 'int', possible loss of data
C:\Users\Vicho Vichev\OneDrive - ПГКПИ - Бургас\Documents\ПГКПИ\projects\school-project-assignment-digital-academix\Digital Academix\Digital Academix\Digital Academix.cpp(299,64): warning C4244: 'argument': conversion from 'float' to 'int', possible loss of data
C:\Users\Vicho Vichev\OneDrive - ПГКПИ - Бургас\Documents\ПГКПИ\projects\school-project-assignment-digital-academix\Digital Academix\Digital Academix\Digital Academix.cpp(299,47): warning C4244: 'argument': conversion from 'float' to 'int', possible loss of data
C:\Users\Vicho Vichev\OneDrive - ПГКПИ - Бургас\Documents\ПГКПИ\projects\school-project-assignment-digital-academix\Digital Academix\Digital Academix\Digital Academix.cpp(320,67): warning C4244: '=': conversion from 'int' to 'float', possible loss of data
C:\Users\Vicho Vichev\OneDrive - ПГКПИ - Бургас\Documents\ПГКПИ\projects\school-project-assignment-digital-academix\Digital Academix\Digital Academix\Digital Academix.cpp(368,104): warning C4244: 'argument': conversion from 'float' to 'int', possible loss of data
C:\Users\Vicho Vichev\OneDrive - ПГКПИ - Бургас\Documents\ПГКПИ\projects\school-project-assignment-digital-academix\Digital Academix\Digital Academix\Digital Academix.cpp(368,64): warning C4244: 'argument': conversion from 'float' to 'int', possible loss of data
C:\Users\Vicho Vichev\OneDrive - ПГКПИ - Бургас\Documents\ПГКПИ\projects\school-project-assignment-digital-academix\Digital Academix\Digital Academix\Digital Academix.cpp(399,108): warning C4244: 'argument': conversion from 'float' to 'int', possible loss of data
C:\Users\Vicho Vichev\OneDrive - ПГКПИ - Бургас\Documents\ПГКПИ\projects\school-project-assignment-digital-academix\Digital Academix\Digital Academix\Digital Academix.cpp(399,68): warning C4244: 'argument': conversion from 'float' to 'int', possible loss of data
C:\Users\Vicho Vichev\OneDrive - ПГКПИ - Бургас\Documents\ПГКПИ\projects\school-project-assignment-digital-academix\Digital Academix\Digital Academix\Digital Academix.cpp(492,54): warning C4244: '=': conversion from 'int' to 'float', possible loss of data
C:\Users\Vicho Vichev\OneDrive - ПГКПИ - Бургас\Documents\ПГКПИ\projects\school-project-assignment-digital-academix\Digital Academix\Digital Academix\Digital Academix.cpp(494,56): warning C4244: '=': conversion from 'int' to 'float', possible loss of data
C:\Users\Vicho Vichev\OneDrive - ПГКПИ - Бургас\Documents\ПГКПИ\projects\school-project-assignment-digital-academix\Digital Academix\Digital Academix\Digital Academix.cpp(500,59): warning C4244: '=': conversion from 'int' to 'float', possible loss of data
C:\Users\Vicho Vichev\OneDrive - ПГКПИ - Бургас\Documents\ПГКПИ\projects\school-project-assignment-digital-academix\Digital Academix\Digital Academix\Digital Academix.cpp(502,64): warning C4244: '=': conversion from 'int' to 'float', possible loss of data
C:\Users\Vicho Vichev\OneDrive - ПГКПИ - Бургас\Documents\ПГКПИ\projects\school-project-assignment-digital-academix\Digital Academix\Digital Academix\Digital Academix.cpp(514,86): warning C4244: 'argument': conversion from 'float' to 'int', possible loss of data
C:\Users\Vicho Vichev\OneDrive - ПГКПИ - Бургас\Documents\ПГКПИ\projects\school-project-assignment-digital-academix\Digital Academix\Digital Academix\Digital Academix.cpp(514,54): warning C4244: 'argument': conversion from 'float' to 'int', possible loss of data
C:\Users\Vicho Vichev\OneDrive - ПГКПИ - Бургас\Documents\ПГКПИ\projects\school-project-assignment-digital-academix\Digital Academix\Digital Academix\Digital Academix.cpp(520,90): warning C4244: 'argument': conversion from 'float' to 'int', possible loss of data
C:\Users\Vicho Vichev\OneDrive - ПГКПИ - Бургас\Documents\ПГКПИ\projects\school-project-assignment-digital-academix\Digital Academix\Digital Academix\Digital Academix.cpp(520,58): warning C4244: 'argument': conversion from 'float' to 'int', possible loss of data
C:\Users\Vicho Vichev\OneDrive - ПГКПИ - Бургас\Documents\ПГКПИ\projects\school-project-assignment-digital-academix\Digital Academix\Digital Academix\Digital Academix.cpp(545,96): warning C4244: 'argument': conversion from 'float' to 'int', possible loss of data
C:\Users\Vicho Vichev\OneDrive - ПГКПИ - Бургас\Documents\ПГКПИ\projects\school-project-assignment-digital-academix\Digital Academix\Digital Academix\Digital Academix.cpp(545,54): warning C4244: 'argument': conversion from 'float' to 'int', possible loss of data
C:\Users\Vicho Vichev\OneDrive - ПГКПИ - Бургас\Documents\ПГКПИ\projects\school-project-assignment-digital-academix\Digital Academix\Digital Academix\Digital Academix.cpp(546,92): warning C4244: 'argument': conversion from 'float' to 'int', possible loss of data
C:\Users\Vicho Vichev\OneDrive - ПГКПИ - Бургас\Documents\ПГКПИ\projects\school-project-assignment-digital-academix\Digital Academix\Digital Academix\Digital Academix.cpp(546,55): warning C4244: 'argument': conversion from 'float' to 'int', possible loss of data
C:\Users\Vicho Vichev\OneDrive - ПГКПИ - Бургас\Documents\ПГКПИ\projects\school-project-assignment-digital-academix\Digital Academix\Digital Academix\Digital Academix.cpp(547,104): warning C4244: 'argument': conversion from 'float' to 'int', possible loss of data
C:\Users\Vicho Vichev\OneDrive - ПГКПИ - Бургас\Documents\ПГКПИ\projects\school-project-assignment-digital-academix\Digital Academix\Digital Academix\Digital Academix.cpp(547,67): warning C4244: 'argument': conversion from 'float' to 'int', possible loss of data
  Digital Academix.vcxproj -> C:\Users\Vicho Vichev\OneDrive - ПГКПИ - Бургас\Documents\ПГКПИ\projects\school-project-assignment-digital-academix\Digital Academix\x64\Debug\Digital Academix.exe
